<?xml version="1.0" encoding="utf-8"?><testsuites name="pytest tests"><testsuite name="pytest" errors="0" failures="0" skipped="0" tests="5" time="1.050" timestamp="2026-08-28T12:15:03.741511+00:00" hostname="agent-env-17ee1f25-f56c-41fa-ad78-59b01183fe12"><testcase classname="tests.test_admin_manual_booking.TestManualBookingCreation" name="test_create_with_maps_link_no_proof" time="0.358" /><testcase classname="tests.test_admin_manual_booking.TestManualBookingCreation" name="test_status_persists_completed" time="0.195" /><testcase classname="tests.test_admin_manual_booking.TestManualBookingCreation" name="test_weekday_allowed_backend" time="0.095" /><testcase classname="tests.test_admin_manual_booking.TestManualBookingCreation" name="test_recalc_transport_with_additionals" time="0.098" /><testcase classname="tests.test_admin_manual_booking.TestZZCleanup" name="test_cleanup" time="0.244" /></testsuite></testsuites>