<?xml version="1.0" encoding="utf-8"?><testsuites name="pytest tests"><testsuite name="pytest" errors="0" failures="0" skipped="0" tests="13" time="3.587" timestamp="2026-08-28T00:24:25.325284+00:00" hostname="agent-env-17ee1f25-f56c-41fa-ad78-59b01183fe12"><testcase classname="tests.test_auth_login" name="test_login_success[Biyan-Biyan2026-Biyan]" time="0.289" /><testcase classname="tests.test_auth_login" name="test_login_success[Asty-Asty2026-Asty]" time="0.168" /><testcase classname="tests.test_auth_login" name="test_login_success[fikabisadimartyansyah@gmail.com-Biyan2026-Biyan]" time="0.314" /><testcase classname="tests.test_auth_login" name="test_login_success[FIKABISADIMARTYANSYAH@GMAIL.COM-Biyan2026-Biyan]" time="0.179" /><testcase classname="tests.test_auth_login" name="test_login_success[biyan-Biyan2026-Biyan]" time="0.194" /><testcase classname="tests.test_auth_login" name="test_login_failure[Biyan-wrongpass]" time="0.113" /><testcase classname="tests.test_auth_login" name="test_login_failure[unknown@example.com-Biyan2026]" time="0.199" /><testcase classname="tests.test_auth_login" name="test_login_failure[fikabisadimartyansyah@gmail.com-Asty2026]" time="0.155" /><testcase classname="tests.test_auth_login" name="test_login_failure[-]" time="0.109" /><testcase classname="tests.test_auth_login" name="test_me_without_token" time="0.110" /><testcase classname="tests.test_auth_login" name="test_me_with_bad_token" time="0.302" /><testcase classname="tests.test_auth_login" name="test_protected_bookings_requires_auth" time="0.396" /><testcase classname="tests.test_auth_login" name="test_protected_bookings_with_owner_token" time="0.258" /></testsuite></testsuites>