<?xml version="1.0" encoding="utf-8"?><testsuites name="pytest tests"><testsuite name="pytest" errors="0" failures="0" skipped="0" tests="16" time="2.611" timestamp="2026-08-28T01:00:08.232340+00:00" hostname="agent-env-17ee1f25-f56c-41fa-ad78-59b01183fe12"><testcase classname="tests.test_booking_distance.TestDistanceEndpointRemoval" name="test_post_distance_removed" time="0.274" /><testcase classname="tests.test_booking_distance.TestDistanceEndpointRemoval" name="test_get_distance_removed" time="0.065" /><testcase classname="tests.test_booking_distance.TestStaticAssets" name="test_favicon_reachable" time="0.228" /><testcase classname="tests.test_booking_distance.TestStaticAssets" name="test_index_title_sesi_resepsi" time="0.063" /><testcase classname="tests.test_booking_distance.TestPackagesAndAdditionals" name="test_list_packages" time="0.062" /><testcase classname="tests.test_booking_distance.TestPackagesAndAdditionals" name="test_list_additionals" time="0.062" /><testcase classname="tests.test_booking_distance.TestBookingCreation" name="test_create_booking_with_manual_distance[0-0]" time="0.123" /><testcase classname="tests.test_booking_distance.TestBookingCreation" name="test_create_booking_with_manual_distance[10-0]" time="0.123" /><testcase classname="tests.test_booking_distance.TestBookingCreation" name="test_create_booking_with_manual_distance[11-5000]" time="0.123" /><testcase classname="tests.test_booking_distance.TestBookingCreation" name="test_create_booking_with_manual_distance[19-45000]" time="0.126" /><testcase classname="tests.test_booking_distance.TestBookingCreation" name="test_create_booking_with_manual_distance[25-75000]" time="0.127" /><testcase classname="tests.test_booking_distance.TestServerRecalculation" name="test_forged_transport_gets_recalculated" time="0.129" /><testcase classname="tests.test_booking_distance.TestServerRecalculation" name="test_recalc_with_additionals" time="0.133" /><testcase classname="tests.test_booking_distance.TestBookingValidation" name="test_negative_distance_rejected" time="0.134" /><testcase classname="tests.test_booking_distance.TestBookingValidation" name="test_over_1000_km_rejected" time="0.144" /><testcase classname="tests.test_booking_distance.TestZZCleanup" name="test_cleanup_test_bookings" time="0.616" /></testsuite></testsuites>