<?xml version="1.0" encoding="utf-8"?><testsuites name="pytest tests"><testsuite name="pytest" errors="0" failures="0" skipped="0" tests="15" time="6.198" timestamp="2026-09-21T16:21:40.854547+00:00" hostname="agent-env-17ee1f25-f56c-41fa-ad78-59b01183fe12"><testcase classname="tests.test_iteration10_weekday_finance.TestWeekdayFee" name="test_weekday_booking_has_50k_fee" time="0.530" /><testcase classname="tests.test_iteration10_weekday_finance.TestWeekdayFee" name="test_weekend_booking_has_no_fee" time="0.140" /><testcase classname="tests.test_iteration10_weekday_finance.TestWeekdayFee" name="test_invoice_pdf_contains_weekday_line" time="0.538" /><testcase classname="tests.test_iteration10_weekday_finance.TestCrewAssignmentAndFee" name="test_assign_crew_to_weekday_booking" time="1.028" /><testcase classname="tests.test_iteration10_weekday_finance.TestCrewAssignmentAndFee" name="test_list_bookings_returns_assigned_crew_with_team_fee" time="0.121" /><testcase classname="tests.test_iteration10_weekday_finance.TestCrewJobsFlow" name="test_crew_jobs_returns_team_fee" time="0.158" /><testcase classname="tests.test_iteration10_weekday_finance.TestCrewJobsFlow" name="test_crew_cannot_delete_pending_own_job" time="0.270" /><testcase classname="tests.test_iteration10_weekday_finance.TestCrewJobsFlow" name="test_crew_can_update_drive_and_status" time="0.293" /><testcase classname="tests.test_iteration10_weekday_finance.TestCrewJobsFlow" name="test_admin_bookings_shows_crew_work_drive" time="0.168" /><testcase classname="tests.test_iteration10_weekday_finance.TestCrewJobsFlow" name="test_obsolete_admin_work_endpoint_removed" time="0.164" /><testcase classname="tests.test_iteration10_weekday_finance.TestCrewJobsFlow" name="test_other_crew_cannot_delete" time="1.166" /><testcase classname="tests.test_iteration10_weekday_finance.TestCrewJobsFlow" name="test_crew_can_delete_completed_own_job" time="0.353" /><testcase classname="tests.test_iteration10_weekday_finance.TestFinanceSummary" name="test_finance_requires_admin" time="0.135" /><testcase classname="tests.test_iteration10_weekday_finance.TestFinanceSummary" name="test_finance_contains_weekday_booking" time="0.181" /><testcase classname="tests.test_iteration10_weekday_finance.TestCleanup" name="test_cleanup" time="0.871" /></testsuite></testsuites>