<?xml version="1.0" encoding="utf-8"?><testsuites name="pytest tests"><testsuite name="pytest" errors="0" failures="0" skipped="0" tests="11" time="5.737" timestamp="2026-09-21T06:13:51.213876+00:00" hostname="agent-env-17ee1f25-f56c-41fa-ad78-59b01183fe12"><testcase classname="tests.test_iteration8_bookings_crew.TestBookingCompletionAndListing" name="test_completion_status_change" time="0.936" /><testcase classname="tests.test_iteration8_bookings_crew.TestBookingCompletionAndListing" name="test_revert_completion" time="0.167" /><testcase classname="tests.test_iteration8_bookings_crew.TestBookingWorkDrive" name="test_admin_patch_work_drive" time="0.274" /><testcase classname="tests.test_iteration8_bookings_crew.TestCrewAssignmentWorkflow" name="test_crew_sees_own_job" time="1.802" /><testcase classname="tests.test_iteration8_bookings_crew.TestCrewAssignmentWorkflow" name="test_crew_updates_own_work" time="0.383" /><testcase classname="tests.test_iteration8_bookings_crew.TestCrewAssignmentWorkflow" name="test_crew_cannot_update_other_crews_assignment" time="0.158" /><testcase classname="tests.test_iteration8_bookings_crew.TestCrewAssignmentWorkflow" name="test_cross_crew_forbidden" time="0.252" /><testcase classname="tests.test_iteration8_bookings_crew.TestCrewAssignmentWorkflow" name="test_admin_sees_crew_work_in_assignments" time="0.135" /><testcase classname="tests.test_iteration8_bookings_crew.TestCrewAssignmentWorkflow" name="test_reput_assignments_preserves_work_fields" time="0.666" /><testcase classname="tests.test_iteration8_bookings_crew.TestInvoicePDF" name="test_invoice_download" time="0.485" /><testcase classname="tests.test_iteration8_bookings_crew" name="test_availability_cleanup" time="0.389" /></testsuite></testsuites>