<?xml version="1.0" encoding="utf-8"?><testsuites name="pytest tests"><testsuite name="pytest" errors="0" failures="0" skipped="0" tests="8" time="75.191" timestamp="2026-09-21T05:30:40.091641+00:00" hostname="agent-env-17ee1f25-f56c-41fa-ad78-59b01183fe12"><testcase classname="tests.test_iteration7_full.TestAvailability" name="test_empty_date_no_record" time="0.400" /><testcase classname="tests.test_iteration7_full.TestAvailability" name="test_slot_decrement_on_booking" time="1.040" /><testcase classname="tests.test_iteration7_full.TestAvailability" name="test_no_tutup_option_semantics" time="0.411" /><testcase classname="tests.test_iteration7_full.TestSocialAndPayment" name="test_social_persisted_in_booking" time="0.635" /><testcase classname="tests.test_iteration7_full.TestSocialAndPayment" name="test_payment_settings_defaults" time="0.108" /><testcase classname="tests.test_iteration7_full.TestInvoice" name="test_unique_invoice_and_pdf_download" time="1.806" /><testcase classname="tests.test_iteration7_full.TestCrewRBAC" name="test_crew_full_flow" time="70.322" /><testcase classname="tests.test_iteration7_full.TestPortfolio" name="test_portfolio_drive_and_photo" time="0.416" /></testsuite></testsuites>