<?xml version="1.0" encoding="utf-8"?><testsuites name="pytest tests"><testsuite name="pytest" errors="0" failures="2" skipped="0" tests="8" time="2.584" timestamp="2026-09-05T08:45:22.598482+00:00" hostname="agent-env-17ee1f25-f56c-41fa-ad78-59b01183fe12"><testcase classname="tests.test_availability_additionals" name="test_default_date_no_record_means_available" time="0.517" /><testcase classname="tests.test_availability_additionals" name="test_set_closed_status" time="0.209" /><testcase classname="tests.test_availability_additionals" name="test_set_remaining_slots_0_is_full" time="0.113" /><testcase classname="tests.test_availability_additionals" name="test_set_remaining_slots_1_is_limited" time="0.098" /><testcase classname="tests.test_availability_additionals" name="test_set_remaining_slots_2_is_available" time="0.096" /><testcase classname="tests.test_availability_additionals" name="test_additional_has_max_quantity_field" time="0.093"><failure message="AssertionError: missing max_quantity in {'id': '83a69b84-1434-4339-b464-afed7d324c10', 'name': 'Extra time', 'price': 50000, 'unit': 'jam'}&#10;assert 'max_quantity' in {'id': '83a69b84-1434-4339-b464-afed7d324c10', 'name': 'Extra time', 'price': 50000, 'unit': 'jam'}">backend/tests/test_availability_additionals.py:108: in test_additional_has_max_quantity_field
    assert "max_quantity" in a, f"missing max_quantity in {a}"
E   AssertionError: missing max_quantity in {'id': '83a69b84-1434-4339-b464-afed7d324c10', 'name': 'Extra time', 'price': 50000, 'unit': 'jam'}
E   assert 'max_quantity' in {'id': '83a69b84-1434-4339-b464-afed7d324c10', 'name': 'Extra time', 'price': 50000, 'unit': 'jam'}</failure></testcase><testcase classname="tests.test_availability_additionals" name="test_update_additional_max_quantity" time="0.132"><failure message="KeyError: 'max_quantity'">backend/tests/test_availability_additionals.py:117: in test_update_additional_max_quantity
    original_max = target["max_quantity"]
                   ^^^^^^^^^^^^^^^^^^^^^^
E   KeyError: 'max_quantity'</failure></testcase><testcase classname="tests.test_availability_additionals" name="test_max_quantity_validation" time="0.797" /></testsuite></testsuites>