<?xml version="1.0" encoding="utf-8"?><testsuites name="pytest tests"><testsuite name="pytest" errors="0" failures="0" skipped="0" tests="9" time="5.657" timestamp="2026-09-03T07:29:24.767881+00:00" hostname="agent-env-17ee1f25-f56c-41fa-ad78-59b01183fe12"><testcase classname="tests.test_team_calendar_portfolio.TestTeamCRUD" name="test_public_team_list" time="0.346" /><testcase classname="tests.test_team_calendar_portfolio.TestTeamCRUD" name="test_team_mutation_requires_auth" time="0.188" /><testcase classname="tests.test_team_calendar_portfolio.TestTeamCRUD" name="test_create_update_delete_team" time="1.071" /><testcase classname="tests.test_team_calendar_portfolio.TestAvailabilityCapacity" name="test_capacity_status_mapping" time="0.783" /><testcase classname="tests.test_team_calendar_portfolio.TestAvailabilityCapacity" name="test_clamp_on_delete" time="1.127" /><testcase classname="tests.test_team_calendar_portfolio.TestPortfolioImagePaths" name="test_create_portfolio_with_image_paths" time="0.391" /><testcase classname="tests.test_team_calendar_portfolio.TestPremiumTransport" name="test_premium_25km_free" time="0.360" /><testcase classname="tests.test_team_calendar_portfolio.TestPremiumTransport" name="test_premium_31km_5000" time="0.384" /><testcase classname="tests.test_team_calendar_portfolio.TestBookingSort" name="test_bookings_sorted_by_date_time" time="0.934" /></testsuite></testsuites>