<?xml version="1.0" encoding="utf-8"?><testsuites name="pytest tests"><testsuite name="pytest" errors="0" failures="0" skipped="0" tests="9" time="2.558" timestamp="2026-09-21T07:03:13.006876+00:00" hostname="agent-env-17ee1f25-f56c-41fa-ad78-59b01183fe12"><testcase classname="tests.test_iteration9_availability.TestAvailabilityStatusEnum" name="test_set_available" time="0.285" /><testcase classname="tests.test_iteration9_availability.TestAvailabilityStatusEnum" name="test_set_full" time="0.122" /><testcase classname="tests.test_iteration9_availability.TestAvailabilityStatusEnum" name="test_reject_legacy_status" time="0.237" /><testcase classname="tests.test_iteration9_availability.TestAvailabilityStatusEnum" name="test_list_only_returns_available_or_full" time="0.129" /><testcase classname="tests.test_iteration9_availability.TestAvailabilityStatusEnum" name="test_legacy_docs_normalize_to_available" time="0.110" /><testcase classname="tests.test_iteration9_availability.TestFullBlocksBooking" name="test_full_returns_409" time="0.359" /><testcase classname="tests.test_iteration9_availability.TestAvailableAllowsMulti" name="test_available_two_bookings" time="0.471" /><testcase classname="tests.test_iteration9_availability.TestAvailableAllowsMulti" name="test_delete_bookings_keeps_available" time="0.424" /><testcase classname="tests.test_iteration9_availability" name="test_cleanup" time="0.368" /></testsuite></testsuites>